<?xml version="1.0" encoding="UTF-8"?>
<testsuite errors="0" failures="0" hostname="lixiaomin-PC" name="edu.buaa.test.ParkingManagerTest" tests="3" time="0.005" timestamp="2012-12-20T13:19:41">
  <properties />
  <testcase classname="edu.buaa.test.ParkingManagerTest" name="parkBoy_park_parkManager_park" time="0.001" />
  <testcase classname="edu.buaa.test.ParkingManagerTest" name="test_printPlacesInfo" time="0.0" />
  <testcase classname="edu.buaa.test.ParkingManagerTest" name="parkManager_ShouldParkCar" time="0.0" />
  <system-out><![CDATA[20:19]]></system-out>
  <system-err><![CDATA[]]></system-err>
</testsuite>
